app/build/outputs/logs/manifest-merger-debug-report.txt
-- Merging decision tree log ---
manifest
ADDED from src\main\AndroidManifest.xml:2:1-47:12
	package
		ADDED from src\main\AndroidManifest.xml:3:5-40
		INJECTED from src\main\AndroidManifest.xml
		INJECTED from src\main\AndroidManifest.xml
	android:versionName
		ADDED from src\main\AndroidManifest.xml:5:5-30
		INJECTED from src\main\AndroidManifest.xml
		INJECTED from src\main\AndroidManifest.xml
	android:versionCode
		ADDED from src\main\AndroidManifest.xml:4:5-28
		INJECTED from src\main\AndroidManifest.xml
		INJECTED from src\main\AndroidManifest.xml
	xmlns:android
		ADDED from src\main\AndroidManifest.xml:2:11-69
uses-sdk
ADDED from src\main\AndroidManifest.xml:7:5-9:41
MERGED from [com.android.support:support-v4:22.2.1] AndroidManifest.xml:20:5-43
	android:targetSdkVersion
		ADDED from src\main\AndroidManifest.xml:9:9-38
		INJECTED from src\main\AndroidManifest.xml
		INJECTED from src\main\AndroidManifest.xml
	android:minSdkVersion
		ADDED from src\main\AndroidManifest.xml:8:9-34
		INJECTED from src\main\AndroidManifest.xml
		INJECTED from src\main\AndroidManifest.xml
uses-permission#android.permission.VIBRATE
ADDED from src\main\AndroidManifest.xml:10:5-65
	android:name
		ADDED from src\main\AndroidManifest.xml:10:22-63
application
ADDED from src\main\AndroidManifest.xml:12:5-45:18
MERGED from [com.android.support:support-v4:22.2.1] AndroidManifest.xml:22:5-20
	android:label
		ADDED from src\main\AndroidManifest.xml:15:9-41
	android:allowClearUserData
		ADDED from src\main\AndroidManifest.xml:16:41-74
	android:allowBackup
		ADDED from src\main\AndroidManifest.xml:13:9-35
	android:icon
		ADDED from src\main\AndroidManifest.xml:14:9-45
	android:theme
		ADDED from src\main\AndroidManifest.xml:16:9-40
activity#com.calculator_sci.privin.CalculatorActivity
ADDED from src\main\AndroidManifest.xml:17:9-25:20
	android:label
		ADDED from src\main\AndroidManifest.xml:19:13-45
	android:name
		ADDED from src\main\AndroidManifest.xml:18:13-72
intent-filter#android.intent.action.MAIN+android.intent.category.LAUNCHER
ADDED from src\main\AndroidManifest.xml:20:13-24:29
action#android.intent.action.MAIN
ADDED from src\main\AndroidManifest.xml:21:17-69
	android:name
		ADDED from src\main\AndroidManifest.xml:21:25-66
category#android.intent.category.LAUNCHER
ADDED from src\main\AndroidManifest.xml:23:17-77
	android:name
		ADDED from src\main\AndroidManifest.xml:23:27-74
activity#com.calculator_sci.privin.show
ADDED from src\main\AndroidManifest.xml:27:4-35:21
	android:label
		ADDED from src\main\AndroidManifest.xml:29:14-46
	android:name
		ADDED from src\main\AndroidManifest.xml:28:14-59
intent-filter#android.intent.category.DEFAULT+com.privin.calculator.show
ADDED from src\main\AndroidManifest.xml:30:14-34:30
action#com.privin.calculator.show
ADDED from src\main\AndroidManifest.xml:31:18-70
	android:name
		ADDED from src\main\AndroidManifest.xml:31:26-67
category#android.intent.category.DEFAULT
ADDED from src\main\AndroidManifest.xml:33:18-77
	android:name
		ADDED from src\main\AndroidManifest.xml:33:28-74
activity#com.calculator_sci.privin.setting
ADDED from src\main\AndroidManifest.xml:36:3-44:21
	android:label
		ADDED from src\main\AndroidManifest.xml:38:14-46
	android:name
		ADDED from src\main\AndroidManifest.xml:37:14-62
intent-filter#android.intent.category.DEFAULT+com.privin.calculator.setting
ADDED from src\main\AndroidManifest.xml:39:14-43:30
action#com.privin.calculator.setting
ADDED from src\main\AndroidManifest.xml:40:18-73
	android:name
		ADDED from src\main\AndroidManifest.xml:40:26-70